Unknown command: 'runsererr'. Did you mean runserver?
Type 'manage.py help' for usage.
Watching for file changes with StatReloader
Watching for file changes with StatReloader
[12/Aug/2022 00:07:13] "GET / HTTP/1.1" 200 4973
[12/Aug/2022 00:07:13] "GET /static/bootstrap.min.css HTTP/1.1" 200 163873
[12/Aug/2022 00:07:13] "GET /static/bootstrap.min.js HTTP/1.1" 200 59219
[12/Aug/2022 00:07:13] "GET /static/style.css HTTP/1.1" 200 0
[12/Aug/2022 00:07:14] "GET / HTTP/1.1" 200 4973
Not Found: /favicon.ico
[12/Aug/2022 00:07:14] "GET / HTTP/1.1" 200 4973
[12/Aug/2022 00:07:14] "GET /favicon.ico HTTP/1.1" 404 2822
[12/Aug/2022 00:07:17] "GET / HTTP/1.1" 200 4973
[12/Aug/2022 00:07:17] "GET /static/style.css HTTP/1.1" 200 0
[12/Aug/2022 00:07:17] "GET /static/bootstrap.min.css HTTP/1.1" 200 163873
[12/Aug/2022 00:07:17] "GET /static/bootstrap.min.js HTTP/1.1" 200 59219
Not Found: /favicon.ico
[12/Aug/2022 00:07:17] "GET /favicon.ico HTTP/1.1" 404 2822
[12/Aug/2022 00:11:52] "GET / HTTP/1.1" 200 5085
[12/Aug/2022 00:13:12] "GET / HTTP/1.1" 200 5085
[12/Aug/2022 00:13:13] "GET / HTTP/1.1" 200 5085
[12/Aug/2022 00:13:44] "GET /jhpy/qna/ HTTP/1.1" 200 6499
[12/Aug/2022 00:13:49] "GET / HTTP/1.1" 200 5085
[12/Aug/2022 00:13:53] "GET /download/ HTTP/1.1" 200 3016
[12/Aug/2022 00:13:55] "GET / HTTP/1.1" 200 5085
[12/Aug/2022 00:14:12] "GET / HTTP/1.1" 200 5085
[12/Aug/2022 00:14:12] "GET /static/bootstrap.min.css HTTP/1.1" 200 163873
[12/Aug/2022 00:14:12] "GET /static/bootstrap.min.js HTTP/1.1" 200 59219
[12/Aug/2022 00:14:12] "GET /static/style.css HTTP/1.1" 200 0
Not Found: /favicon.ico
[12/Aug/2022 00:14:12] "GET /favicon.ico HTTP/1.1" 404 2822
[12/Aug/2022 00:14:40] "GET / HTTP/1.1" 200 5085
[12/Aug/2022 00:14:40] "GET /static/bootstrap.min.css HTTP/1.1" 200 163873
[12/Aug/2022 00:14:40] "GET /static/style.css HTTP/1.1" 200 0
[12/Aug/2022 00:14:40] "GET /static/bootstrap.min.js HTTP/1.1" 200 59219
Not Found: /favicon.ico
[12/Aug/2022 00:14:41] "GET /favicon.ico HTTP/1.1" 404 2822
[12/Aug/2022 00:14:49] "GET /jhpy/notice/6/ HTTP/1.1" 200 3077
[12/Aug/2022 00:15:09] "GET /admin HTTP/1.1" 301 0
[12/Aug/2022 00:15:11] "GET /admin/ HTTP/1.1" 302 0
[12/Aug/2022 00:15:12] "GET /admin/login/?next=/admin/ HTTP/1.1" 200 1836
[12/Aug/2022 00:15:12] "GET /static/admin/css/base.css HTTP/1.1" 200 16378
[12/Aug/2022 00:15:12] "GET /static/admin/css/responsive.css HTTP/1.1" 200 17944
[12/Aug/2022 00:15:12] "GET /static/admin/css/login.css HTTP/1.1" 200 1233
[12/Aug/2022 00:15:12] "GET /static/admin/css/fonts.css HTTP/1.1" 200 423
[12/Aug/2022 00:15:12] "GET /static/admin/fonts/Roboto-Regular-webfont.woff HTTP/1.1" 200 85876
[12/Aug/2022 00:15:12] "GET /static/admin/fonts/Roboto-Light-webfont.woff HTTP/1.1" 200 85692
[12/Aug/2022 00:15:25] "POST /admin/login/?next=/admin/ HTTP/1.1" 302 0
[12/Aug/2022 00:15:25] "GET /admin/ HTTP/1.1" 200 7824
[12/Aug/2022 00:15:25] "GET /static/admin/css/dashboard.css HTTP/1.1" 200 412
[12/Aug/2022 00:15:25] "GET /static/admin/css/base.css HTTP/1.1" 200 16378
[12/Aug/2022 00:15:25] "GET /static/admin/css/responsive.css HTTP/1.1" 200 17944
[12/Aug/2022 00:15:25] "GET /static/admin/img/icon-addlink.svg HTTP/1.1" 200 331
[12/Aug/2022 00:15:25] "GET /static/admin/img/icon-deletelink.svg HTTP/1.1" 200 392
[12/Aug/2022 00:15:25] "GET /static/admin/img/icon-changelink.svg HTTP/1.1" 200 380
[12/Aug/2022 00:15:25] "GET /static/admin/fonts/Roboto-Bold-webfont.woff HTTP/1.1" 200 86184
[12/Aug/2022 00:15:30] "GET /admin/jhpy/notice/ HTTP/1.1" 200 4895
[12/Aug/2022 00:15:30] "GET /static/admin/css/changelists.css HTTP/1.1" 200 6170
[12/Aug/2022 00:15:30] "GET /static/admin/js/vendor/jquery/jquery.js HTTP/1.1" 200 271817
[12/Aug/2022 00:15:30] "GET /static/admin/js/jquery.init.js HTTP/1.1" 200 363
[12/Aug/2022 00:15:30] "GET /admin/jsi18n/ HTTP/1.1" 200 8330
[12/Aug/2022 00:15:30] "GET /static/admin/js/core.js HTTP/1.1" 200 7099
[12/Aug/2022 00:15:30] "GET /static/admin/js/admin/RelatedObjectLookups.js HTTP/1.1" 200 6918
[12/Aug/2022 00:15:30] "GET /static/admin/js/actions.js HTTP/1.1" 200 6766
[12/Aug/2022 00:15:30] "GET /static/admin/js/prepopulate.js HTTP/1.1" 200 1530
[12/Aug/2022 00:15:30] "GET /static/admin/js/vendor/xregexp/xregexp.js HTTP/1.1" 200 128820
[12/Aug/2022 00:15:30] "GET /static/admin/js/urlify.js HTTP/1.1" 200 8941
[12/Aug/2022 00:15:31] "GET /static/admin/img/tooltag-add.svg HTTP/1.1" 200 331
[12/Aug/2022 00:15:38] "GET /admin/jhpy/notice/add/ HTTP/1.1" 200 7630
[12/Aug/2022 00:15:38] "GET /static/admin/css/forms.css HTTP/1.1" 200 8518
[12/Aug/2022 00:15:38] "GET /static/admin/js/calendar.js HTTP/1.1" 200 7777
[12/Aug/2022 00:15:38] "GET /static/admin/js/admin/DateTimeShortcuts.js HTTP/1.1" 200 20218
[12/Aug/2022 00:15:38] "GET /admin/jsi18n/ HTTP/1.1" 200 8330
[12/Aug/2022 00:15:38] "GET /static/admin/css/widgets.css HTTP/1.1" 200 10340
[12/Aug/2022 00:15:38] "GET /static/admin/js/change_form.js HTTP/1.1" 200 712
[12/Aug/2022 00:15:38] "GET /static/admin/js/prepopulate_init.js HTTP/1.1" 200 495
[12/Aug/2022 00:15:39] "GET /static/admin/img/icon-calendar.svg HTTP/1.1" 200 1086
[12/Aug/2022 00:15:39] "GET /static/admin/img/icon-clock.svg HTTP/1.1" 200 677
[12/Aug/2022 00:16:43] "POST /admin/jhpy/notice/add/ HTTP/1.1" 302 0
[12/Aug/2022 00:16:44] "GET /admin/jhpy/notice/ HTTP/1.1" 200 5388
[12/Aug/2022 00:16:44] "GET /admin/jsi18n/ HTTP/1.1" 200 8330
[12/Aug/2022 00:16:44] "GET /static/admin/img/icon-yes.svg HTTP/1.1" 200 436
[12/Aug/2022 00:16:54] "GET / HTTP/1.1" 200 5441
[12/Aug/2022 00:16:54] "GET /static/bootstrap.min.css HTTP/1.1" 200 163873
[12/Aug/2022 00:16:54] "GET /static/style.css HTTP/1.1" 200 0
[12/Aug/2022 00:16:54] "GET /static/bootstrap.min.js HTTP/1.1" 200 59219
Not Found: /favicon.ico
[12/Aug/2022 00:16:54] "GET /favicon.ico HTTP/1.1" 404 2822
[12/Aug/2022 13:53:11] "GET / HTTP/1.1" 200 5441
[12/Aug/2022 13:53:12] "GET /static/bootstrap.min.js HTTP/1.1" 200 59219
[12/Aug/2022 13:53:13] "GET /static/bootstrap.min.css HTTP/1.1" 200 163873
[12/Aug/2022 13:53:13] "GET /static/style.css HTTP/1.1" 200 0
Not Found: /favicon.ico
[12/Aug/2022 13:53:14] "GET /favicon.ico HTTP/1.1" 404 2822
[13/Aug/2022 13:18:29] "GET / HTTP/1.1" 200 5441
[13/Aug/2022 13:18:29] "GET /static/bootstrap.min.css HTTP/1.1" 200 163873
[13/Aug/2022 13:18:29] "GET /static/bootstrap.min.js HTTP/1.1" 200 59219
[13/Aug/2022 13:18:29] "GET /static/style.css HTTP/1.1" 200 0
Not Found: /favicon.ico
[13/Aug/2022 13:18:30] "GET /favicon.ico HTTP/1.1" 404 2822
[13/Aug/2022 13:18:35] "GET /jhpy/notice/7/ HTTP/1.1" 200 3011
[13/Aug/2022 13:18:45] "GET /jhpy/qna/ HTTP/1.1" 200 6386
[13/Aug/2022 13:18:54] "GET / HTTP/1.1" 200 5441
[13/Aug/2022 22:19:51] "GET / HTTP/1.1" 200 5441
[13/Aug/2022 22:19:51] "GET /static/bootstrap.min.css HTTP/1.1" 200 163873
[13/Aug/2022 22:19:51] "GET /static/style.css HTTP/1.1" 200 0
[13/Aug/2022 22:19:51] "GET /static/bootstrap.min.js HTTP/1.1" 200 59219
Not Found: /favicon.ico
[13/Aug/2022 22:19:52] "GET /favicon.ico HTTP/1.1" 404 2822
[13/Aug/2022 22:20:05] "GET /admin HTTP/1.1" 301 0
[13/Aug/2022 22:20:06] "GET /admin/ HTTP/1.1" 200 7867
[13/Aug/2022 22:20:07] "GET /static/admin/css/base.css HTTP/1.1" 200 16378
[13/Aug/2022 22:20:07] "GET /static/admin/css/dashboard.css HTTP/1.1" 200 412
[13/Aug/2022 22:20:08] "GET /static/admin/css/responsive.css HTTP/1.1" 200 17944
[13/Aug/2022 22:20:10] "GET /static/admin/css/fonts.css HTTP/1.1" 200 423
[13/Aug/2022 22:20:13] "GET /static/admin/fonts/Roboto-Light-webfont.woff HTTP/1.1" 200 85692
[13/Aug/2022 22:20:13] "GET /static/admin/img/icon-changelink.svg HTTP/1.1" 200 380
[13/Aug/2022 22:20:13] "GET /static/admin/fonts/Roboto-Bold-webfont.woff HTTP/1.1" 200 86184
[13/Aug/2022 22:20:13] "GET /static/admin/img/icon-addlink.svg HTTP/1.1" 200 331
[13/Aug/2022 22:20:13] "GET /static/admin/fonts/Roboto-Regular-webfont.woff HTTP/1.1" 200 85876
[13/Aug/2022 22:20:14] "GET /static/admin/img/icon-deletelink.svg HTTP/1.1" 200 392
[13/Aug/2022 22:20:17] "GET /admin/jhpy/filesadmin/ HTTP/1.1" 200 4718
[13/Aug/2022 22:20:17] "GET /static/admin/css/changelists.css HTTP/1.1" 200 6170
[13/Aug/2022 22:20:18] "GET /static/admin/js/jquery.init.js HTTP/1.1" 200 363
[13/Aug/2022 22:20:18] "GET /static/admin/js/admin/RelatedObjectLookups.js HTTP/1.1" 200 6918
[13/Aug/2022 22:20:18] "GET /admin/jsi18n/ HTTP/1.1" 200 8330
[13/Aug/2022 22:20:18] "GET /static/admin/js/core.js HTTP/1.1" 200 7099
[13/Aug/2022 22:20:18] "GET /static/admin/js/vendor/jquery/jquery.js HTTP/1.1" 200 271817
[13/Aug/2022 22:20:18] "GET /static/admin/js/actions.js HTTP/1.1" 200 6766
[13/Aug/2022 22:20:18] "GET /static/admin/js/urlify.js HTTP/1.1" 200 8941
[13/Aug/2022 22:20:18] "GET /static/admin/js/prepopulate.js HTTP/1.1" 200 1530
[13/Aug/2022 22:20:18] "GET /static/admin/js/vendor/xregexp/xregexp.js HTTP/1.1" 200 128820
[13/Aug/2022 22:20:19] "GET /static/admin/img/tooltag-add.svg HTTP/1.1" 200 331
[13/Aug/2022 22:20:22] "GET /admin/jhpy/filesadmin/add/ HTTP/1.1" 200 4556
[13/Aug/2022 22:20:22] "GET /admin/jsi18n/ HTTP/1.1" 200 8330
[13/Aug/2022 22:20:22] "GET /static/admin/js/prepopulate_init.js HTTP/1.1" 200 495
[13/Aug/2022 22:20:22] "GET /static/admin/js/change_form.js HTTP/1.1" 200 712
[13/Aug/2022 22:20:22] "GET /static/admin/css/forms.css HTTP/1.1" 200 8518
[13/Aug/2022 22:20:22] "GET /static/admin/css/widgets.css HTTP/1.1" 200 10340
[13/Aug/2022 22:21:12] "GET / HTTP/1.1" 200 5441
[13/Aug/2022 22:21:12] "GET /static/bootstrap.min.css HTTP/1.1" 200 163873
[13/Aug/2022 22:21:12] "GET /static/bootstrap.min.js HTTP/1.1" 200 59219
[13/Aug/2022 22:21:12] "GET /static/style.css HTTP/1.1" 200 0
Not Found: /favicon.ico
[13/Aug/2022 22:21:13] "GET /favicon.ico HTTP/1.1" 404 2822
[13/Aug/2022 22:21:16] "GET / HTTP/1.1" 200 5441
[13/Aug/2022 22:21:18] "GET /download/ HTTP/1.1" 200 3555
[13/Aug/2022 22:21:22] "GET /media/media/LogoMakerCa-1660396734100.png HTTP/1.1" 200 2845219
[13/Aug/2022 22:21:22] "GET /media/media/LogoMakerCa-1660396734100.png HTTP/1.1" 200 2845219
[13/Aug/2022 22:21:40] "GET /admin HTTP/1.1" 301 0
[13/Aug/2022 22:21:40] "GET /admin/ HTTP/1.1" 200 7960
[13/Aug/2022 22:21:40] "GET /static/admin/css/dashboard.css HTTP/1.1" 200 412
[13/Aug/2022 22:21:40] "GET /static/admin/css/base.css HTTP/1.1" 200 16378
[13/Aug/2022 22:21:40] "GET /static/admin/css/responsive.css HTTP/1.1" 200 17944
[13/Aug/2022 22:21:40] "GET /static/admin/css/fonts.css HTTP/1.1" 200 423
[13/Aug/2022 22:21:41] "GET /static/admin/img/icon-addlink.svg HTTP/1.1" 200 331
[13/Aug/2022 22:21:41] "GET /static/admin/img/icon-changelink.svg HTTP/1.1" 200 380
[13/Aug/2022 22:21:41] "GET /static/admin/fonts/Roboto-Light-webfont.woff HTTP/1.1" 200 85692
[13/Aug/2022 22:21:41] "GET /static/admin/fonts/Roboto-Regular-webfont.woff HTTP/1.1" 200 85876
[13/Aug/2022 22:21:41] "GET /static/admin/img/icon-deletelink.svg HTTP/1.1" 200 392
[13/Aug/2022 22:21:41] "GET /static/admin/fonts/Roboto-Bold-webfont.woff HTTP/1.1" 200 86184
[13/Aug/2022 22:21:44] "GET /admin/jhpy/filesadmin/ HTTP/1.1" 200 5853
[13/Aug/2022 22:21:44] "GET /static/admin/css/changelists.css HTTP/1.1" 200 6170
[13/Aug/2022 22:21:44] "GET /static/admin/js/core.js HTTP/1.1" 200 7099
[13/Aug/2022 22:21:44] "GET /static/admin/js/vendor/jquery/jquery.js HTTP/1.1" 200 271817
[13/Aug/2022 22:21:44] "GET /static/admin/js/jquery.init.js HTTP/1.1" 200 363
[13/Aug/2022 22:21:44] "GET /static/admin/js/actions.js HTTP/1.1" 200 6766
[13/Aug/2022 22:21:44] "GET /static/admin/js/admin/RelatedObjectLookups.js HTTP/1.1" 200 6918
[13/Aug/2022 22:21:44] "GET /static/admin/js/urlify.js HTTP/1.1" 200 8941
[13/Aug/2022 22:21:44] "GET /admin/jsi18n/ HTTP/1.1" 200 8330
[13/Aug/2022 22:21:45] "GET /static/admin/js/vendor/xregexp/xregexp.js HTTP/1.1" 200 128820
[13/Aug/2022 22:21:45] "GET /static/admin/js/prepopulate.js HTTP/1.1" 200 1530
[13/Aug/2022 22:21:45] "GET /static/admin/img/tooltag-add.svg HTTP/1.1" 200 331
[13/Aug/2022 22:21:51] "GET /admin/jhpy/filesadmin/7/change/ HTTP/1.1" 200 4932
[13/Aug/2022 22:21:52] "GET /static/admin/css/forms.css HTTP/1.1" 200 8518
[13/Aug/2022 22:21:52] "GET /static/admin/js/prepopulate_init.js HTTP/1.1" 200 495
[13/Aug/2022 22:21:52] "GET /static/admin/js/change_form.js HTTP/1.1" 200 712
[13/Aug/2022 22:21:52] "GET /admin/jsi18n/ HTTP/1.1" 200 8330
[13/Aug/2022 22:21:52] "GET /static/admin/css/widgets.css HTTP/1.1" 200 10340
[13/Aug/2022 22:21:53] "GET /admin/jhpy/filesadmin/7/delete/ HTTP/1.1" 200 3289
[13/Aug/2022 22:21:53] "GET /static/admin/js/cancel.js HTTP/1.1" 200 409
[13/Aug/2022 22:21:54] "POST /admin/jhpy/filesadmin/7/delete/ HTTP/1.1" 302 0
[13/Aug/2022 22:21:55] "GET /admin/jhpy/filesadmin/ HTTP/1.1" 200 6699
[13/Aug/2022 22:21:55] "GET /admin/jsi18n/ HTTP/1.1" 200 8330
[13/Aug/2022 22:21:55] "GET /static/admin/img/icon-yes.svg HTTP/1.1" 200 436
[13/Aug/2022 22:21:58] "GET /admin/jhpy/filesadmin/11/change/ HTTP/1.1" 200 4934
[13/Aug/2022 22:21:58] "GET /admin/jsi18n/ HTTP/1.1" 200 8330
[13/Aug/2022 22:21:59] "GET /admin/jhpy/filesadmin/11/delete/ HTTP/1.1" 200 3291
[13/Aug/2022 22:22:01] "POST /admin/jhpy/filesadmin/11/delete/ HTTP/1.1" 302 0
[13/Aug/2022 22:22:02] "GET /admin/jhpy/filesadmin/ HTTP/1.1" 200 6467
[13/Aug/2022 22:22:03] "GET /admin/jsi18n/ HTTP/1.1" 200 8330
[13/Aug/2022 22:22:05] "GET /admin/jhpy/filesadmin/10/change/ HTTP/1.1" 200 4934
[13/Aug/2022 22:22:06] "GET /admin/jsi18n/ HTTP/1.1" 200 8330
[13/Aug/2022 22:22:10] "GET /admin/jhpy/filesadmin/10/delete/ HTTP/1.1" 200 3291
[13/Aug/2022 22:22:11] "POST /admin/jhpy/filesadmin/10/delete/ HTTP/1.1" 302 0
[13/Aug/2022 22:22:12] "GET /admin/jhpy/filesadmin/ HTTP/1.1" 200 6238
[13/Aug/2022 22:22:12] "GET /admin/jsi18n/ HTTP/1.1" 200 8330
[13/Aug/2022 22:22:13] "GET /admin/jhpy/filesadmin/9/change/ HTTP/1.1" 200 4932
[13/Aug/2022 22:22:13] "GET /admin/jsi18n/ HTTP/1.1" 200 8330
[13/Aug/2022 22:22:14] "GET /admin/jhpy/filesadmin/9/delete/ HTTP/1.1" 200 3289
[13/Aug/2022 22:22:15] "POST /admin/jhpy/filesadmin/9/delete/ HTTP/1.1" 302 0
[13/Aug/2022 22:22:16] "GET /admin/jhpy/filesadmin/ HTTP/1.1" 200 6011
[13/Aug/2022 22:22:16] "GET /admin/jsi18n/ HTTP/1.1" 200 8330
[13/Aug/2022 22:22:17] "GET /admin/jhpy/filesadmin/8/change/ HTTP/1.1" 200 4932
[13/Aug/2022 22:22:17] "GET /admin/jsi18n/ HTTP/1.1" 200 8330
[13/Aug/2022 22:22:18] "GET /admin/jhpy/filesadmin/8/delete/ HTTP/1.1" 200 3289
[13/Aug/2022 22:22:19] "POST /admin/jhpy/filesadmin/8/delete/ HTTP/1.1" 302 0
[13/Aug/2022 22:22:19] "GET /admin/jhpy/filesadmin/ HTTP/1.1" 200 5784
[13/Aug/2022 22:22:19] "GET /admin/jsi18n/ HTTP/1.1" 200 8330
[13/Aug/2022 22:22:28] "POST /admin/jhpy/filesadmin/ HTTP/1.1" 200 3716
[13/Aug/2022 22:22:30] "POST /admin/jhpy/filesadmin/ HTTP/1.1" 302 0
[13/Aug/2022 22:22:30] "GET /admin/jhpy/filesadmin/ HTTP/1.1" 200 5104
[13/Aug/2022 22:22:31] "GET /admin/jsi18n/ HTTP/1.1" 200 8330
[13/Aug/2022 22:22:33] "GET /admin/jhpy/filesadmin/3/change/ HTTP/1.1" 200 4916
[13/Aug/2022 22:22:33] "GET /admin/jsi18n/ HTTP/1.1" 200 8330
[13/Aug/2022 22:22:35] "GET /admin/jhpy/filesadmin/ HTTP/1.1" 200 4945
[13/Aug/2022 22:22:42] "GET / HTTP/1.1" 200 5441
[13/Aug/2022 22:22:42] "GET /static/bootstrap.min.css HTTP/1.1" 200 163873
[13/Aug/2022 22:22:42] "GET /static/bootstrap.min.js HTTP/1.1" 200 59219
[13/Aug/2022 22:22:42] "GET /static/style.css HTTP/1.1" 200 0
Not Found: /favicon.ico
[13/Aug/2022 22:22:42] "GET /favicon.ico HTTP/1.1" 404 2822
[13/Aug/2022 22:22:45] "GET /download/ HTTP/1.1" 200 3221
[13/Aug/2022 22:22:48] "GET /media/media/LogoMakerCa-1660396734100.png HTTP/1.1" 200 2845219
[13/Aug/2022 22:22:49] "GET /media/media/LogoMakerCa-1660396734100.png HTTP/1.1" 200 2845219
[13/Aug/2022 22:23:26] "GET /media/media/LogoMakerCa-1660396734100.png HTTP/1.1" 200 2845219
[13/Aug/2022 22:23:26] "GET /media/media/LogoMakerCa-1660396734100.png HTTP/1.1" 200 2845219
[14/Aug/2022 13:23:43] "GET / HTTP/1.1" 200 5554
[14/Aug/2022 13:23:43] "GET /static/bootstrap.min.css HTTP/1.1" 200 163873
[14/Aug/2022 13:23:43] "GET /static/bootstrap.min.js HTTP/1.1" 200 59219
[14/Aug/2022 13:23:43] "GET /static/style.css HTTP/1.1" 200 0
Not Found: /favicon.ico
[14/Aug/2022 13:23:43] "GET /favicon.ico HTTP/1.1" 404 2822
[14/Aug/2022 13:42:17] "GET / HTTP/1.1" 200 5616
[14/Aug/2022 13:42:17] "GET /static/bootstrap.min.css HTTP/1.1" 200 163873
Not Found: /workspace/jhserver/static/maindesign.jpg
[14/Aug/2022 13:42:17] "GET /workspace/jhserver/static/maindesign.jpg HTTP/1.1" 404 2909
[14/Aug/2022 13:42:17] "GET /static/style.css HTTP/1.1" 200 0
[14/Aug/2022 13:42:18] "GET / HTTP/1.1" 200 5616
Not Found: /workspace/jhserver/static/maindesign.jpg
[14/Aug/2022 13:42:18] "GET /workspace/jhserver/static/maindesign.jpg HTTP/1.1" 404 2909
[14/Aug/2022 13:43:54] "GET / HTTP/1.1" 200 5605
Not Found: /jhserver/static/maindesign.jpg
[14/Aug/2022 13:43:54] "GET /jhserver/static/maindesign.jpg HTTP/1.1" 404 2879
[14/Aug/2022 13:43:54] "GET / HTTP/1.1" 200 5605
Not Found: /jhserver/static/maindesign.jpg
[14/Aug/2022 13:43:55] "GET /jhserver/static/maindesign.jpg HTTP/1.1" 404 2879
[14/Aug/2022 13:44:16] "GET / HTTP/1.1" 200 5589
Not Found: /maindesign.jpg
[14/Aug/2022 13:44:16] "GET /maindesign.jpg HTTP/1.1" 404 2831
[14/Aug/2022 13:44:17] "GET / HTTP/1.1" 200 5589
Not Found: /maindesign.jpg
[14/Aug/2022 13:44:17] "GET /maindesign.jpg HTTP/1.1" 404 2831
[14/Aug/2022 13:44:31] "GET / HTTP/1.1" 200 5589
Not Found: /maindesign.jpg
[14/Aug/2022 13:44:31] "GET /maindesign.jpg HTTP/1.1" 404 2831
[14/Aug/2022 13:44:31] "GET / HTTP/1.1" 200 5589
Not Found: /maindesign.jpg
[14/Aug/2022 13:44:32] "GET /maindesign.jpg HTTP/1.1" 404 2831
[14/Aug/2022 13:45:03] "GET / HTTP/1.1" 200 5765
[14/Aug/2022 13:47:17] "GET / HTTP/1.1" 200 5794
[14/Aug/2022 13:47:17] "GET /static/style.css HTTP/1.1" 200 0
[14/Aug/2022 13:47:19] "GET / HTTP/1.1" 200 5794
[14/Aug/2022 13:47:20] "GET / HTTP/1.1" 200 5794
[14/Aug/2022 13:47:48] "GET / HTTP/1.1" 200 5821
[14/Aug/2022 13:47:49] "GET / HTTP/1.1" 200 5821
[14/Aug/2022 13:48:46] "GET / HTTP/1.1" 200 5864
[14/Aug/2022 13:48:47] "GET / HTTP/1.1" 200 5864
[14/Aug/2022 13:49:28] "GET / HTTP/1.1" 200 5899
[14/Aug/2022 13:49:29] "GET / HTTP/1.1" 200 5899
[14/Aug/2022 13:49:55] "GET / HTTP/1.1" 200 5958
[14/Aug/2022 13:49:56] "GET / HTTP/1.1" 200 5958
[14/Aug/2022 13:49:57] "GET / HTTP/1.1" 200 5958
[14/Aug/2022 13:51:20] "GET / HTTP/1.1" 200 6011
[14/Aug/2022 13:51:43] "GET / HTTP/1.1" 200 5985
[14/Aug/2022 13:55:33] "GET / HTTP/1.1" 200 5800
[14/Aug/2022 13:57:12] "GET / HTTP/1.1" 200 5589
[14/Aug/2022 13:57:12] "GET /static/bootstrap.min.css HTTP/1.1" 200 163873
[14/Aug/2022 14:06:15] "GET / HTTP/1.1" 200 5659
[14/Aug/2022 14:06:15] "GET /static/bootstrap.min.css HTTP/1.1" 200 163873
Not Found: /workspace/jhserver/templates/jhpy/maindesign.jpg
[14/Aug/2022 14:06:15] "GET /workspace/jhserver/templates/jhpy/maindesign.jpg HTTP/1.1" 404 2933
[14/Aug/2022 14:06:15] "GET /static/style.css HTTP/1.1" 200 0
[14/Aug/2022 14:06:16] "GET / HTTP/1.1" 200 5659
Not Found: /workspace/jhserver/templates/jhpy/maindesign.jpg
[14/Aug/2022 14:06:16] "GET /workspace/jhserver/templates/jhpy/maindesign.jpg HTTP/1.1" 404 2933
[14/Aug/2022 14:10:04] "GET / HTTP/1.1" 200 5692
[14/Aug/2022 14:10:05] "GET /static/style.css HTTP/1.1" 200 0
[14/Aug/2022 14:10:09] "GET / HTTP/1.1" 200 5692
[14/Aug/2022 14:10:21] "GET / HTTP/1.1" 200 5683
[14/Aug/2022 14:10:31] "GET / HTTP/1.1" 200 5673
[14/Aug/2022 14:10:38] "GET /static/bootstrap.min.css.map HTTP/1.1" 404 1801
[14/Aug/2022 14:10:38] "GET /static/bootstrap.min.js.map HTTP/1.1" 404 1798
[14/Aug/2022 14:11:13] "GET / HTTP/1.1" 200 5673
[14/Aug/2022 14:11:13] "GET /static/bootstrap.min.css.map HTTP/1.1" 404 1801
[14/Aug/2022 14:11:13] "GET /static/bootstrap.min.js.map HTTP/1.1" 404 1798
[14/Aug/2022 14:12:32] "GET / HTTP/1.1" 200 5800
[14/Aug/2022 14:12:32] "GET /static/bootstrap.min.css HTTP/1.1" 200 163873
[14/Aug/2022 14:12:32] "GET /static/bootstrap.min.css.map HTTP/1.1" 404 1801
[14/Aug/2022 14:12:32] "GET /static/bootstrap.min.js.map HTTP/1.1" 404 1798
[14/Aug/2022 14:13:42] "GET / HTTP/1.1" 200 5827
[14/Aug/2022 14:13:42] "GET /static/bootstrap.min.css.map HTTP/1.1" 404 1801
[14/Aug/2022 14:13:42] "GET /static/bootstrap.min.js.map HTTP/1.1" 404 1798
[14/Aug/2022 14:13:59] "GET / HTTP/1.1" 200 5854
[14/Aug/2022 14:13:59] "GET /static/bootstrap.min.js.map HTTP/1.1" 404 1798
[14/Aug/2022 14:13:59] "GET /static/bootstrap.min.css.map HTTP/1.1" 404 1801
[14/Aug/2022 14:14:19] "GET / HTTP/1.1" 200 5854
[14/Aug/2022 14:14:19] "GET /static/bootstrap.min.js.map HTTP/1.1" 404 1798
[14/Aug/2022 14:14:20] "GET /static/bootstrap.min.css.map HTTP/1.1" 404 1801
[14/Aug/2022 14:14:44] "GET / HTTP/1.1" 200 5854
[14/Aug/2022 14:14:44] "GET /static/bootstrap.min.js.map HTTP/1.1" 404 1798
[14/Aug/2022 14:14:44] "GET /static/bootstrap.min.css.map HTTP/1.1" 404 1801
[14/Aug/2022 14:14:55] "GET / HTTP/1.1" 200 5827
[14/Aug/2022 14:14:55] "GET /static/bootstrap.min.js.map HTTP/1.1" 404 1798
[14/Aug/2022 14:14:55] "GET /static/bootstrap.min.css.map HTTP/1.1" 404 1801
[14/Aug/2022 14:16:02] "GET / HTTP/1.1" 200 5854
[14/Aug/2022 14:16:25] "GET / HTTP/1.1" 200 5866
[14/Aug/2022 14:16:26] "GET / HTTP/1.1" 200 5866
[14/Aug/2022 14:16:40] "GET / HTTP/1.1" 200 5867
[14/Aug/2022 14:16:55] "GET / HTTP/1.1" 200 5987
[14/Aug/2022 14:17:58] "GET / HTTP/1.1" 200 6004
[14/Aug/2022 14:17:59] "GET / HTTP/1.1" 200 6004
[14/Aug/2022 14:18:00] "GET / HTTP/1.1" 200 6004
[14/Aug/2022 14:18:49] "GET / HTTP/1.1" 200 5995
[14/Aug/2022 14:18:55] "GET / HTTP/1.1" 200 5994
[14/Aug/2022 14:28:30] "GET / HTTP/1.1" 200 6008
[14/Aug/2022 14:29:25] "GET / HTTP/1.1" 200 6019
[14/Aug/2022 14:30:28] "GET / HTTP/1.1" 200 6028
[14/Aug/2022 14:30:39] "GET / HTTP/1.1" 200 6033
[14/Aug/2022 14:30:39] "GET / HTTP/1.1" 200 6033
[14/Aug/2022 14:30:47] "GET / HTTP/1.1" 200 6034
[14/Aug/2022 14:31:14] "GET / HTTP/1.1" 200 5988
[14/Aug/2022 14:32:09] "GET / HTTP/1.1" 200 6059
[14/Aug/2022 14:32:28] "GET / HTTP/1.1" 200 6066
[14/Aug/2022 14:32:45] "GET / HTTP/1.1" 200 6027
[14/Aug/2022 14:32:46] "GET / HTTP/1.1" 200 6027
[14/Aug/2022 14:33:30] "GET / HTTP/1.1" 200 6037
[14/Aug/2022 14:33:31] "GET / HTTP/1.1" 200 6037
[14/Aug/2022 14:33:37] "GET / HTTP/1.1" 200 6032
[14/Aug/2022 14:33:56] "GET / HTTP/1.1" 200 6032
[14/Aug/2022 14:33:57] "GET / HTTP/1.1" 200 6032
[14/Aug/2022 14:34:02] "GET / HTTP/1.1" 200 6032
[14/Aug/2022 14:35:19] "GET / HTTP/1.1" 200 5926
[14/Aug/2022 14:36:36] "GET / HTTP/1.1" 200 5986
[14/Aug/2022 14:36:51] "GET / HTTP/1.1" 200 5986
[14/Aug/2022 14:36:59] "GET / HTTP/1.1" 200 5986
[14/Aug/2022 14:37:44] "GET / HTTP/1.1" 200 5986
[14/Aug/2022 14:38:22] "GET / HTTP/1.1" 200 5998
[14/Aug/2022 14:38:30] "GET / HTTP/1.1" 200 5998
[14/Aug/2022 14:38:40] "GET / HTTP/1.1" 200 5998
[14/Aug/2022 14:38:48] "GET / HTTP/1.1" 200 5998
[14/Aug/2022 14:38:55] "GET / HTTP/1.1" 200 5999
[14/Aug/2022 14:39:27] "GET / HTTP/1.1" 200 6018
[14/Aug/2022 14:39:54] "GET / HTTP/1.1" 200 6039
[14/Aug/2022 14:40:52] "GET / HTTP/1.1" 200 6038
[14/Aug/2022 14:40:58] "GET / HTTP/1.1" 200 6039
[14/Aug/2022 14:41:11] "GET / HTTP/1.1" 200 6038
[14/Aug/2022 14:41:11] "GET / HTTP/1.1" 200 6038
[14/Aug/2022 14:41:22] "GET / HTTP/1.1" 200 6037
[14/Aug/2022 14:41:51] "GET / HTTP/1.1" 200 6047
[14/Aug/2022 14:42:11] "GET / HTTP/1.1" 200 6047
[14/Aug/2022 14:42:18] "GET / HTTP/1.1" 200 6047
[14/Aug/2022 14:42:34] "GET / HTTP/1.1" 200 6047
[14/Aug/2022 14:42:44] "GET / HTTP/1.1" 200 6048
[14/Aug/2022 14:42:51] "GET / HTTP/1.1" 200 6048
[14/Aug/2022 14:43:13] "GET / HTTP/1.1" 200 6060
[14/Aug/2022 14:43:33] "GET /download/ HTTP/1.1" 200 3334
[14/Aug/2022 14:43:34] "GET /jhpy/qna/ HTTP/1.1" 200 6499
[14/Aug/2022 14:43:35] "GET / HTTP/1.1" 200 6060
[14/Aug/2022 14:43:37] "GET /jhpy/qna/ HTTP/1.1" 200 6499
[14/Aug/2022 14:43:39] "GET / HTTP/1.1" 200 6060
[14/Aug/2022 14:44:07] "GET / HTTP/1.1" 200 6078
[14/Aug/2022 14:44:20] "GET / HTTP/1.1" 200 6078
[14/Aug/2022 14:44:21] "GET / HTTP/1.1" 200 6078
[14/Aug/2022 14:44:30] "GET / HTTP/1.1" 200 6060
[14/Aug/2022 14:44:39] "GET / HTTP/1.1" 200 6055
[14/Aug/2022 14:44:53] "GET / HTTP/1.1" 200 6055
[14/Aug/2022 14:45:10] "GET / HTTP/1.1" 200 6056
[14/Aug/2022 14:45:19] "GET / HTTP/1.1" 200 6055
[14/Aug/2022 14:45:40] "GET / HTTP/1.1" 200 6055
[14/Aug/2022 14:45:54] "GET / HTTP/1.1" 200 6055
[14/Aug/2022 14:46:20] "GET / HTTP/1.1" 200 6087
[14/Aug/2022 14:48:03] "GET / HTTP/1.1" 200 6087
[14/Aug/2022 14:49:52] "GET / HTTP/1.1" 200 6087
[14/Aug/2022 14:49:52] "GET / HTTP/1.1" 200 6087
[14/Aug/2022 14:49:53] "GET / HTTP/1.1" 200 6087
[14/Aug/2022 14:50:02] "GET / HTTP/1.1" 200 6087
[14/Aug/2022 14:50:29] "GET / HTTP/1.1" 200 6087
[14/Aug/2022 14:50:35] "GET / HTTP/1.1" 200 6087
[14/Aug/2022 14:51:07] "GET /common/login/ HTTP/1.1" 200 2935
[14/Aug/2022 14:51:09] "GET / HTTP/1.1" 200 6087
[14/Aug/2022 14:51:11] "GET /download/ HTTP/1.1" 200 3334
[14/Aug/2022 14:51:13] "GET /jhpy/qna/ HTTP/1.1" 200 6499
[14/Aug/2022 14:51:16] "GET / HTTP/1.1" 200 6087
[14/Aug/2022 14:51:20] "GET /jhpy/notice/7/ HTTP/1.1" 200 3124
[14/Aug/2022 14:51:26] "GET /jhpy/notice/7/ HTTP/1.1" 200 3124
[14/Aug/2022 14:52:03] "GET / HTTP/1.1" 200 6087
[14/Aug/2022 14:52:11] "GET /jhpy/qna/ HTTP/1.1" 200 6499
[14/Aug/2022 14:52:12] "GET / HTTP/1.1" 200 6087
[14/Aug/2022 14:52:23] "GET /jhpy/qna/ HTTP/1.1" 200 6499
[14/Aug/2022 14:52:25] "GET /download/ HTTP/1.1" 200 3334
[14/Aug/2022 14:52:26] "GET / HTTP/1.1" 200 6087
[14/Aug/2022 14:54:30] "GET / HTTP/1.1" 200 5974
[14/Aug/2022 14:54:31] "GET /static/bootstrap.min.css HTTP/1.1" 200 163873
[14/Aug/2022 14:54:31] "GET /static/style.css HTTP/1.1" 200 0
[14/Aug/2022 14:54:31] "GET /static/bootstrap.min.js HTTP/1.1" 200 59219
Not Found: /favicon.ico
[14/Aug/2022 14:54:31] "GET /favicon.ico HTTP/1.1" 404 2822
[14/Aug/2022 14:54:59] "GET /download/ HTTP/1.1" 200 3221
[14/Aug/2022 14:55:02] "GET /jhpy/qna/ HTTP/1.1" 200 6386
[14/Aug/2022 14:55:08] "GET / HTTP/1.1" 200 5974
[15/Aug/2022 10:09:46] "GET / HTTP/1.1" 200 6087
[15/Aug/2022 10:09:46] "GET /static/bootstrap.min.css HTTP/1.1" 200 163873
[15/Aug/2022 10:09:46] "GET /static/bootstrap.min.js HTTP/1.1" 200 59219
[15/Aug/2022 10:09:46] "GET /static/style.css HTTP/1.1" 200 0
Not Found: /favicon.ico
[15/Aug/2022 10:09:46] "GET /favicon.ico HTTP/1.1" 404 2822
[15/Aug/2022 10:09:48] "GET / HTTP/1.1" 200 6087
[15/Aug/2022 10:15:03] "GET / HTTP/1.1" 200 6087
[15/Aug/2022 10:15:10] "GET /download/ HTTP/1.1" 200 3334
[15/Aug/2022 10:15:11] "GET /download/ HTTP/1.1" 200 3334
[15/Aug/2022 10:15:14] "GET /jhpy/qna/ HTTP/1.1" 200 6499
[15/Aug/2022 10:15:15] "GET /download/ HTTP/1.1" 200 3334
[15/Aug/2022 10:15:16] "GET /jhpy/qna/ HTTP/1.1" 200 6499
[15/Aug/2022 10:35:47] "GET /common/login/ HTTP/1.1" 200 2935
[15/Aug/2022 10:35:50] "GET /common/login/ HTTP/1.1" 200 2935
[15/Aug/2022 10:37:34] "POST /common/login/ HTTP/1.1" 302 0
[15/Aug/2022 10:37:34] "GET / HTTP/1.1" 200 5974
[15/Aug/2022 10:37:37] "GET / HTTP/1.1" 200 6087
[15/Aug/2022 10:37:40] "GET /download/ HTTP/1.1" 200 3221
[15/Aug/2022 10:37:41] "GET / HTTP/1.1" 200 6087
[15/Aug/2022 10:37:42] "GET /jhpy/qna/ HTTP/1.1" 200 6386
[15/Aug/2022 10:37:42] "GET /download/ HTTP/1.1" 200 3334
[15/Aug/2022 10:37:43] "GET /jhpy/qna/ HTTP/1.1" 200 6499
[15/Aug/2022 10:37:53] "GET / HTTP/1.1" 200 5974
[15/Aug/2022 10:40:48] "GET /jhpy/qna/ HTTP/1.1" 200 6386
[15/Aug/2022 10:42:46] "GET /jhpy/qna/ HTTP/1.1" 200 6534
[15/Aug/2022 10:42:48] "GET /jhpy/qna/ HTTP/1.1" 200 6647
[15/Aug/2022 10:43:43] "GET /jhpy/qna/ HTTP/1.1" 200 6580
[15/Aug/2022 10:43:58] "GET /jhpy/qna/ HTTP/1.1" 200 6593
[15/Aug/2022 10:43:59] "GET /jhpy/qna/ HTTP/1.1" 200 6593
[15/Aug/2022 10:44:29] "GET /jhpy/qna/ HTTP/1.1" 200 6651
[15/Aug/2022 10:45:10] "GET /jhpy/qna/ HTTP/1.1" 200 6653
[15/Aug/2022 10:45:21] "GET /jhpy/qna/ HTTP/1.1" 200 6653
[15/Aug/2022 10:46:43] "GET /jhpy/qna/ HTTP/1.1" 200 6644
[15/Aug/2022 10:47:20] "GET /jhpy/qna/ HTTP/1.1" 200 6643
[15/Aug/2022 10:49:11] "GET /jhpy/qna/ HTTP/1.1" 200 6649
[15/Aug/2022 10:49:12] "GET /jhpy/qna/ HTTP/1.1" 200 6649
[15/Aug/2022 10:49:13] "GET /jhpy/qna/ HTTP/1.1" 200 6762
[15/Aug/2022 10:55:28] "GET /jhpy/qna/ HTTP/1.1" 200 6414
[15/Aug/2022 10:55:30] "GET /jhpy/qna/ HTTP/1.1" 200 6527
[15/Aug/2022 10:57:58] "GET /jhpy/qna/ HTTP/1.1" 200 6387
[15/Aug/2022 10:58:00] "GET / HTTP/1.1" 200 5974
[15/Aug/2022 10:58:01] "GET / HTTP/1.1" 200 6087
[15/Aug/2022 10:59:49] "GET /jhpy/qna/ HTTP/1.1" 200 6387
[15/Aug/2022 10:59:50] "GET / HTTP/1.1" 200 5974
[15/Aug/2022 11:04:31] "GET /download/ HTTP/1.1" 200 3221
[15/Aug/2022 11:04:31] "GET /static/bootstrap.min.css HTTP/1.1" 200 163873
[15/Aug/2022 11:04:31] "GET /static/style.css HTTP/1.1" 200 0
[15/Aug/2022 11:04:32] "GET / HTTP/1.1" 200 5974
[15/Aug/2022 11:04:34] "GET /download/ HTTP/1.1" 200 3334
[15/Aug/2022 11:04:36] "GET / HTTP/1.1" 200 6087
[15/Aug/2022 11:04:38] "GET /download/ HTTP/1.1" 200 3221
[15/Aug/2022 11:04:41] "GET /media/media/LogoMakerCa-1660396734100.png HTTP/1.1" 200 2845219
[15/Aug/2022 11:05:39] "GET / HTTP/1.1" 200 5974
[15/Aug/2022 11:05:53] "GET / HTTP/1.1" 200 6053
[15/Aug/2022 11:05:54] "GET / HTTP/1.1" 200 6053
[15/Aug/2022 11:05:54] "GET / HTTP/1.1" 200 6053
[15/Aug/2022 11:06:02] "GET / HTTP/1.1" 200 6053
[15/Aug/2022 11:06:04] "GET /static/bootstrap.min.js.map HTTP/1.1" 404 1798
[15/Aug/2022 11:06:05] "GET /static/bootstrap.min.css.map HTTP/1.1" 404 1801
[15/Aug/2022 11:06:21] "GET /jhpy/qna/ HTTP/1.1" 200 6387
[15/Aug/2022 11:06:22] "GET /jhpy/qna/ HTTP/1.1" 200 6500
[15/Aug/2022 11:06:23] "GET /download/ HTTP/1.1" 200 3221
[15/Aug/2022 11:06:24] "GET / HTTP/1.1" 200 6053
[15/Aug/2022 11:07:03] "GET / HTTP/1.1" 200 6053
[15/Aug/2022 11:10:07] "GET / HTTP/1.1" 200 6166
[15/Aug/2022 11:15:14] "GET / HTTP/1.1" 200 6166
[15/Aug/2022 13:46:08] "GET / HTTP/1.1" 200 6166
[15/Aug/2022 13:46:09] "GET /static/bootstrap.min.js HTTP/1.1" 200 59219
[15/Aug/2022 13:46:09] "GET /static/style.css HTTP/1.1" 200 0
[15/Aug/2022 13:46:10] "GET /static/bootstrap.min.css HTTP/1.1" 200 163873
Not Found: /favicon.ico
[15/Aug/2022 13:46:10] "GET /favicon.ico HTTP/1.1" 404 2822
[15/Aug/2022 14:08:44] "GET / HTTP/1.1" 200 6166
[15/Aug/2022 14:08:44] "GET /static/bootstrap.min.css HTTP/1.1" 200 163873
[15/Aug/2022 14:08:44] "GET /static/style.css HTTP/1.1" 200 0
[15/Aug/2022 14:08:44] "GET /static/bootstrap.min.js HTTP/1.1" 200 59219
Not Found: /favicon.ico
[15/Aug/2022 14:08:44] "GET /favicon.ico HTTP/1.1" 404 2822
[15/Aug/2022 14:08:46] "GET / HTTP/1.1" 200 6166
[15/Aug/2022 14:17:22] "GET / HTTP/1.1" 200 6166
[15/Aug/2022 14:24:43] "GET / HTTP/1.1" 200 6166
[15/Aug/2022 14:31:56] "GET / HTTP/1.1" 200 6166
[15/Aug/2022 14:37:35] "GET / HTTP/1.1" 200 6166
[15/Aug/2022 14:46:23] "GET / HTTP/1.1" 200 6166
[15/Aug/2022 15:14:35] "GET / HTTP/1.1" 200 6166
[15/Aug/2022 15:14:41] "GET /jhpy/qna/ HTTP/1.1" 200 6500
[15/Aug/2022 15:14:41] "GET /static/bootstrap.min.css HTTP/1.1" 200 163873
[15/Aug/2022 15:14:41] "GET /static/style.css HTTP/1.1" 200 0
[15/Aug/2022 15:14:42] "GET /jhpy/qna/ HTTP/1.1" 200 6500
[15/Aug/2022 15:14:43] "GET / HTTP/1.1" 200 6166
[15/Aug/2022 15:21:40] "GET / HTTP/1.1" 200 6166
[15/Aug/2022 15:33:02] "GET / HTTP/1.1" 200 6166
[15/Aug/2022 15:33:05] "GET /jhpy/qna/ HTTP/1.1" 200 6500
[15/Aug/2022 15:33:06] "GET /static/style.css HTTP/1.1" 200 0
[15/Aug/2022 15:33:08] "GET /jhpy/qna/ HTTP/1.1" 200 6500
[15/Aug/2022 15:33:10] "GET /download/ HTTP/1.1" 200 3334
[15/Aug/2022 15:33:11] "GET /download/ HTTP/1.1" 200 3334
[15/Aug/2022 15:33:30] "GET /jhpy/qna/ HTTP/1.1" 200 6500
[15/Aug/2022 15:33:32] "GET / HTTP/1.1" 200 6166
[15/Aug/2022 15:33:34] "GET /jhpy/qna/ HTTP/1.1" 200 6500
[15/Aug/2022 15:34:23] "GET / HTTP/1.1" 200 6053
[15/Aug/2022 15:34:24] "GET /static/style.css HTTP/1.1" 200 0
[15/Aug/2022 15:34:24] "GET /static/bootstrap.min.css HTTP/1.1" 200 163873
[15/Aug/2022 15:34:24] "GET /static/bootstrap.min.js HTTP/1.1" 200 59219
Not Found: /favicon.ico
[15/Aug/2022 15:34:25] "GET /favicon.ico HTTP/1.1" 404 2822
[15/Aug/2022 15:34:34] "GET /jhpy/qna/ HTTP/1.1" 200 6387
[15/Aug/2022 15:34:37] "GET / HTTP/1.1" 200 6053
[15/Aug/2022 15:40:30] "GET / HTTP/1.1" 200 6053
[15/Aug/2022 15:40:31] "GET /static/bootstrap.min.css HTTP/1.1" 200 163873
[15/Aug/2022 15:40:31] "GET /static/style.css HTTP/1.1" 200 0
[15/Aug/2022 15:40:31] "GET /static/bootstrap.min.js HTTP/1.1" 200 59219
Not Found: /favicon.ico
[15/Aug/2022 15:40:32] "GET /favicon.ico HTTP/1.1" 404 2822
